# CVS $Revision$ $Author$ -- Mon Sep 15 19:12:35 2014 -- reformated by prettylst.pl v1.51 (build 25088)
SOURCELONG:Modern System Reference Document	SOURCESHORT:MSRD	SOURCEWEB:http://www.wizards.com/D20/article.asp?x=msrd	SOURCEDATE:2002-01
# split 'creature' templates to allow loading without the Modern - Creatures dataset

###Block: Demonic Auto
# Template Name	Damage Reduction	Template						Source Page				Ability										Type				Vision
Demonic Auto	DR:20/+1		TEMPLATE:Construct	TEMPLATE:Outsider	SOURCEPAGE:ArcanaCreatures	ABILITY:Special Ability|AUTOMATIC|No limbs|Repairable|Trample	TYPE:Construct.Outsider	VISION:Darkvision (120')

###Block: Liquefied Zombie
# Template Name			Challenge Rating	Visible	Required Size
Liquefied Zombie (Fine)		CR:0			VISIBLE:NO	PRESIZEEQ:F
Liquefied Zombie (Diminutive)	CR:0			VISIBLE:NO	PRESIZEEQ:D
Liquefied Zombie (Tiny)		CR:0			VISIBLE:NO	PRESIZEEQ:T
Liquefied Zombie (Small)	CR:1			VISIBLE:NO	PRESIZEEQ:S
Liquefied Zombie (Medium)	CR:2			VISIBLE:NO	PRESIZEEQ:M
Liquefied Zombie (Large)	CR:4			VISIBLE:NO	PRESIZEEQ:L
Liquefied Zombie (Huge)		CR:5			VISIBLE:NO	PRESIZEEQ:H
Liquefied Zombie (Gargantuan)	CR:7			VISIBLE:NO	PRESIZEEQ:G
Liquefied Zombie (Colossal)	CR:10			VISIBLE:NO	PRESIZEEQ:C

#
# End
#
